<?xml version="1.0" encoding="UTF-8"?>
<!-- Generated by org.testng.reporters.JUnitReportReporter -->
<testsuite skipped="0" hostname="User-PC" name="freecrm.NewTest" tests="1" failures="0" timestamp="27 Mar 2018 13:46:07 GMT" time="21.408" errors="0">
  <testcase name="method1" time="21.408" classname="freecrm.NewTest"/>
</testsuite> <!-- freecrm.NewTest -->
