<?xml version="1.0" encoding="UTF-8"?>
<!-- Generated by org.testng.reporters.JUnitReportReporter -->
<testsuite skipped="0" hostname="User-PC" name="freecrm.Tasks" tests="2" failures="0" timestamp="28 Mar 2018 14:31:04 GMT" time="37.073" errors="0">
  <testcase name="method1" time="25.332" classname="freecrm.Tasks"/>
  <testcase name="f1" time="11.741" classname="freecrm.Tasks"/>
</testsuite> <!-- freecrm.Tasks -->
