<?xml version="1.0" encoding="UTF-8"?>
<!-- Generated by org.testng.reporters.JUnitReportReporter -->
<testsuite skipped="0" hostname="User-PC" name="freecrm.lOGINTest" tests="1" failures="0" timestamp="28 Mar 2018 12:29:37 GMT" time="23.060" errors="0">
  <testcase name="method1" time="23.060" classname="freecrm.lOGINTest"/>
</testsuite> <!-- freecrm.lOGINTest -->
