<?xml version="1.0" encoding="UTF-8"?>
<!-- Generated by org.testng.reporters.JUnitReportReporter -->
<testsuite skipped="0" hostname="User-PC" name="freecrm.TasksTest" tests="2" failures="0" timestamp="29 Mar 2018 13:20:02 GMT" time="29.668" errors="0">
  <testcase name="method1" time="23.934" classname="freecrm.TasksTest"/>
  <testcase name="f2" time="5.734" classname="freecrm.TasksTest"/>
</testsuite> <!-- freecrm.TasksTest -->
