<?xml version="1.0" encoding="UTF-8"?>
<!-- Generated by org.testng.reporters.JUnitReportReporter -->
<testsuite skipped="0" hostname="User-PC" name="fullsearchTest" tests="2" failures="0" timestamp="13 Apr 2018 09:00:49 GMT" time="57.291" errors="0">
  <testcase name="method1" time="43.941" classname="fullsearchTest"/>
  <testcase name="f3" time="13.350" classname="fullsearchTest"/>
</testsuite> <!-- fullsearchTest -->
