<?xml version="1.0" encoding="UTF-8"?>
<!-- Generated by org.testng.reporters.JUnitReportReporter -->
<testsuite skipped="0" hostname="User-PC" name="freecrm.NewTest" tests="1" failures="0" timestamp="28 Mar 2018 09:04:55 GMT" time="61.620" errors="0">
  <testcase name="method1" time="61.620" classname="freecrm.NewTest"/>
</testsuite> <!-- freecrm.NewTest -->
