<?xml version="1.0" encoding="UTF-8"?>
<!-- Generated by org.testng.reporters.JUnitReportReporter -->
<testsuite skipped="0" hostname="User-PC" name="freecrm.NewTasksTest" tests="2" failures="0" timestamp="05 Apr 2018 09:11:29 GMT" time="39.355" errors="0">
  <testcase name="method1" time="22.755" classname="freecrm.NewTasksTest"/>
  <testcase name="f2" time="16.600" classname="freecrm.NewTasksTest"/>
</testsuite> <!-- freecrm.NewTasksTest -->
